# JRE version: OpenJDK Runtime Environment (22.0.1+8) (build 22.0.1+8-16)
# Java VM: OpenJDK 64-Bit Server VM (22.0.1+8-16, mixed mode, sharing, tiered, compressed oops, compressed class ptrs, g1 gc, windows-amd64)
GC Precious Log:
 CardTable entry size: 512
 Card Set container configuration: InlinePtr #cards 5 size 8 Array Of Cards #cards 12 size 40 Howl #buckets 4 coarsen threshold 1843 Howl Bitmap #cards 512 size 80 coarsen threshold 460 Card regions per heap region 1 cards per card region 2048
 CPUs: 8 total, 8 available
 Memory: 7824M
 Large Page Support: Disabled
 NUMA Support: Disabled
 Compressed Oops: Enabled (32-bit)
 Heap Region Size: 1M
 Heap Min Capacity: 8M
 Heap Initial Capacity: 124M
 Heap Max Capacity: 1958M
 Pre-touch: Disabled
 Parallel Workers: 8
 Concurrent Workers: 2
 Concurrent Refinement Workers: 8
 Periodic GC: Disabled
Heap:
 garbage-first heap   total reserved 2004992K, committed 60416K, used 50618K [0x0000000085a00000, 0x0000000100000000)
  region size 1024K, 24 young (24576K), 3 survivors (3072K)
 Metaspace       used 66948K, committed 67712K, reserved 1114112K
  class space    used 9218K, committed 9536K, reserved 1048576K
GC Heap History (20 events):
Event: 2.139 GC heap before
{Heap before GC invocations=2 (full 0):
 garbage-first heap   total reserved 2004992K, committed 126976K, used 57573K [0x0000000085a00000, 0x0000000100000000)
  region size 1024K, 50 young (51200K), 3 survivors (3072K)
 Metaspace       used 21170K, committed 21504K, reserved 1114112K
  class space    used 2681K, committed 2816K, reserved 1048576K
}
Event: 2.146 GC heap after
{Heap after GC invocations=3 (full 0):
 garbage-first heap   total reserved 2004992K, committed 126976K, used 15360K [0x0000000085a00000, 0x0000000100000000)
  region size 1024K, 6 young (6144K), 6 survivors (6144K)
 Metaspace       used 21170K, committed 21504K, reserved 1114112K
  class space    used 2681K, committed 2816K, reserved 1048576K
}
Event: 2.745 GC heap before
{Heap before GC invocations=4 (full 0):
 garbage-first heap   total reserved 2004992K, committed 51200K, used 51200K [0x0000000085a00000, 0x0000000100000000)
  region size 1024K, 41 young (41984K), 6 survivors (6144K)
 Metaspace       used 26048K, committed 26432K, reserved 1114112K
  class space    used 3333K, committed 3520K, reserved 1048576K
}
Event: 2.754 GC heap after
{Heap after GC invocations=5 (full 0):
 garbage-first heap   total reserved 2004992K, committed 60416K, used 18240K [0x0000000085a00000, 0x0000000100000000)
  region size 1024K, 7 young (7168K), 7 survivors (7168K)
 Metaspace       used 26048K, committed 26432K, reserved 1114112K
  class space    used 3333K, committed 3520K, reserved 1048576K
}
Event: 3.550 GC heap before
{Heap before GC invocations=5 (full 0):
 garbage-first heap   total reserved 2004992K, committed 60416K, used 46912K [0x0000000085a00000, 0x0000000100000000)
  region size 1024K, 35 young (35840K), 7 survivors (7168K)
 Metaspace       used 30573K, committed 31040K, reserved 1114112K
  class space    used 3964K, committed 4160K, reserved 1048576K
}
Event: 3.560 GC heap after
{Heap after GC invocations=6 (full 0):
 garbage-first heap   total reserved 2004992K, committed 60416K, used 20480K [0x0000000085a00000, 0x0000000100000000)
  region size 1024K, 3 young (3072K), 3 survivors (3072K)
 Metaspace       used 30573K, committed 31040K, reserved 1114112K
  class space    used 3964K, committed 4160K, reserved 1048576K
}
Event: 4.204 GC heap before
{Heap before GC invocations=6 (full 0):
 garbage-first heap   total reserved 2004992K, committed 60416K, used 49152K [0x0000000085a00000, 0x0000000100000000)
  region size 1024K, 31 young (31744K), 3 survivors (3072K)
 Metaspace       used 35489K, committed 36032K, reserved 1114112K
  class space    used 4621K, committed 4864K, reserved 1048576K
}
Event: 4.208 GC heap after
{Heap after GC invocations=7 (full 0):
 garbage-first heap   total reserved 2004992K, committed 60416K, used 22659K [0x0000000085a00000, 0x0000000100000000)
  region size 1024K, 3 young (3072K), 3 survivors (3072K)
 Metaspace       used 35489K, committed 36032K, reserved 1114112K
  class space    used 4621K, committed 4864K, reserved 1048576K
}
Event: 4.252 GC heap before
{Heap before GC invocations=7 (full 0):
 garbage-first heap   total reserved 2004992K, committed 60416K, used 23683K [0x0000000085a00000, 0x0000000100000000)
  region size 1024K, 6 young (6144K), 3 survivors (3072K)
 Metaspace       used 35660K, committed 36160K, reserved 1114112K
  class space    used 4650K, committed 4864K, reserved 1048576K
}
Event: 4.254 GC heap after
{Heap after GC invocations=8 (full 0):
 garbage-first heap   total reserved 2004992K, committed 60416K, used 23051K [0x0000000085a00000, 0x0000000100000000)
  region size 1024K, 1 young (1024K), 1 survivors (1024K)
 Metaspace       used 35660K, committed 36160K, reserved 1114112K
  class space    used 4650K, committed 4864K, reserved 1048576K
}
Event: 4.848 GC heap before
{Heap before GC invocations=9 (full 0):
 garbage-first heap   total reserved 2004992K, committed 60416K, used 49675K [0x0000000085a00000, 0x0000000100000000)
  region size 1024K, 28 young (28672K), 1 survivors (1024K)
 Metaspace       used 41401K, committed 41984K, reserved 1114112K
  class space    used 5552K, committed 5824K, reserved 1048576K
}
Event: 4.850 GC heap after
{Heap after GC invocations=10 (full 0):
 garbage-first heap   total reserved 2004992K, committed 60416K, used 24408K [0x0000000085a00000, 0x0000000100000000)
  region size 1024K, 2 young (2048K), 2 survivors (2048K)
 Metaspace       used 41401K, committed 41984K, reserved 1114112K
  class space    used 5552K, committed 5824K, reserved 1048576K
}
Event: 5.497 GC heap before
{Heap before GC invocations=10 (full 0):
 garbage-first heap   total reserved 2004992K, committed 60416K, used 51032K [0x0000000085a00000, 0x0000000100000000)
  region size 1024K, 29 young (29696K), 2 survivors (2048K)
 Metaspace       used 48300K, committed 48832K, reserved 1114112K
  class space    used 6482K, committed 6720K, reserved 1048576K
}
Event: 5.502 GC heap after
{Heap after GC invocations=11 (full 0):
 garbage-first heap   total reserved 2004992K, committed 60416K, used 25981K [0x0000000085a00000, 0x0000000100000000)
  region size 1024K, 4 young (4096K), 4 survivors (4096K)
 Metaspace       used 48300K, committed 48832K, reserved 1114112K
  class space    used 6482K, committed 6720K, reserved 1048576K
}
Event: 6.012 GC heap before
{Heap before GC invocations=11 (full 0):
 garbage-first heap   total reserved 2004992K, committed 60416K, used 50557K [0x0000000085a00000, 0x0000000100000000)
  region size 1024K, 29 young (29696K), 4 survivors (4096K)
 Metaspace       used 54382K, committed 54976K, reserved 1114112K
  class space    used 7364K, committed 7616K, reserved 1048576K
}
Event: 6.016 GC heap after
{Heap after GC invocations=12 (full 0):
 garbage-first heap   total reserved 2004992K, committed 60416K, used 27008K [0x0000000085a00000, 0x0000000100000000)
  region size 1024K, 3 young (3072K), 3 survivors (3072K)
 Metaspace       used 54382K, committed 54976K, reserved 1114112K
  class space    used 7364K, committed 7616K, reserved 1048576K
}
Event: 6.452 GC heap before
{Heap before GC invocations=12 (full 0):
 garbage-first heap   total reserved 2004992K, committed 60416K, used 50560K [0x0000000085a00000, 0x0000000100000000)
  region size 1024K, 28 young (28672K), 3 survivors (3072K)
 Metaspace       used 59972K, committed 60608K, reserved 1114112K
  class space    used 8230K, committed 8512K, reserved 1048576K
}
Event: 6.456 GC heap after
{Heap after GC invocations=13 (full 0):
 garbage-first heap   total reserved 2004992K, committed 60416K, used 28188K [0x0000000085a00000, 0x0000000100000000)
  region size 1024K, 3 young (3072K), 3 survivors (3072K)
 Metaspace       used 59972K, committed 60608K, reserved 1114112K
  class space    used 8230K, committed 8512K, reserved 1048576K
}
Event: 6.934 GC heap before
{Heap before GC invocations=14 (full 0):
 garbage-first heap   total reserved 2004992K, committed 60416K, used 50716K [0x0000000085a00000, 0x0000000100000000)
  region size 1024K, 26 young (26624K), 3 survivors (3072K)
 Metaspace       used 63520K, committed 64192K, reserved 1114112K
  class space    used 8829K, committed 9088K, reserved 1048576K
}
Event: 6.938 GC heap after
{Heap after GC invocations=15 (full 0):
 garbage-first heap   total reserved 2004992K, committed 60416K, used 30138K [0x0000000085a00000, 0x0000000100000000)
  region size 1024K, 3 young (3072K), 3 survivors (3072K)
 Metaspace       used 63520K, committed 64192K, reserved 1114112K
  class space    used 8829K, committed 9088K, reserved 1048576K
}

